<?xml version="1.0" encoding="UTF-8"?>
<testng-results ignored="0" total="1" passed="1" failed="0" skipped="0">
  <reporter-output>
  </reporter-output>
  <suite started-at="2020-05-30T14:43:10 WAT" name="Default suite" finished-at="2020-05-30T14:43:22 WAT" duration-ms="12032">
    <groups>
    </groups>
    <test started-at="2020-05-30T14:43:10 WAT" name="Default test" finished-at="2020-05-30T14:43:22 WAT" duration-ms="12032">
      <class name="testing_senforce.senforce_about_us">
        <test-method is-config="true" signature="SP()[pri:0, instance:testing_senforce.senforce_about_us@28ee7bee]" started-at="2020-05-30T14:43:10 WAT" name="SP" finished-at="2020-05-30T14:43:21 WAT" duration-ms="10823" status="PASS">
          <reporter-output>
          </reporter-output>
        </test-method> <!-- SP -->
        <test-method signature="SenforceAboutUs()[pri:0, instance:testing_senforce.senforce_about_us@28ee7bee]" started-at="2020-05-30T14:43:21 WAT" name="SenforceAboutUs" finished-at="2020-05-30T14:43:21 WAT" duration-ms="295" status="PASS">
          <reporter-output>
          </reporter-output>
        </test-method> <!-- SenforceAboutUs -->
        <test-method is-config="true" signature="teardown()[pri:0, instance:testing_senforce.senforce_about_us@28ee7bee]" started-at="2020-05-30T14:43:21 WAT" name="teardown" finished-at="2020-05-30T14:43:22 WAT" duration-ms="791" status="PASS">
          <reporter-output>
          </reporter-output>
        </test-method> <!-- teardown -->
      </class> <!-- testing_senforce.senforce_about_us -->
    </test> <!-- Default test -->
  </suite> <!-- Default suite -->
</testng-results>
