<?xml version="1.0" encoding="UTF-8"?>
<!-- Generated by org.testng.reporters.JUnitXMLReporter -->
<testsuite ignored="0" hostname="DESKTOP-0NCVSHF" failures="0" tests="3" name="Test" time="48.451" errors="0" timestamp="2020-05-30T13:43:59 WAT">
  <testcase classname="testing_senforce.senforce_client" name="client" time="5.059"/>
  <testcase classname="testing_senforce.senforce_contact_us" name="SenforceTest" time="5.015"/>
  <testcase classname="testing_senforce.senforce_package" name="SenforcePackage" time="9.616"/>
</testsuite> <!-- Test -->
